<?xml version="1.0" encoding="UTF-8"?>
<!-- Generated by org.testng.reporters.JUnitReportReporter -->
<testsuite skipped="0" hostname="DESKTOP-RSGU8RU" name="TC001_GET_Request" tests="1" failures="0" timestamp="2020-05-05T22:52:40 CDT" time="2.361" errors="0">
  <testcase name="getweatherDetails" time="2.361" classname="TC001_GET_Request"/>
  <system-out/>
</testsuite> <!-- TC001_GET_Request -->
